<?xml version="1.0" encoding="UTF-8"?>
<testng-results ignored="0" total="2" passed="2" failed="0" skipped="0">
  <reporter-output>
  </reporter-output>
  <suite started-at="2024-12-30T15:25:18 IST" name="Suite" finished-at="2024-12-30T15:25:31 IST" duration-ms="13022">
    <groups>
      <group name="Master">
        <method signature="TC_001_AccountRegistrationTest.testAccountCreation()[pri:0, instance:testCases.TC_001_AccountRegistrationTest@6e4566f1]" name="testAccountCreation" class="testCases.TC_001_AccountRegistrationTest"/>
        <method signature="TC_002_LoginTest.verify_login()[pri:0, instance:testCases.TC_002_LoginTest@525575]" name="verify_login" class="testCases.TC_002_LoginTest"/>
      </group> <!-- Master -->
      <group name="Sanity">
        <method signature="TC_002_LoginTest.verify_login()[pri:0, instance:testCases.TC_002_LoginTest@525575]" name="verify_login" class="testCases.TC_002_LoginTest"/>
      </group> <!-- Sanity -->
      <group name="Regression">
        <method signature="TC_001_AccountRegistrationTest.testAccountCreation()[pri:0, instance:testCases.TC_001_AccountRegistrationTest@6e4566f1]" name="testAccountCreation" class="testCases.TC_001_AccountRegistrationTest"/>
      </group> <!-- Regression -->
    </groups>
    <test started-at="2024-12-30T15:25:18 IST" name="edgeTest" finished-at="2024-12-30T15:25:29 IST" duration-ms="11293">
      <class name="testCases.TC_002_LoginTest">
        <test-method is-config="true" signature="setup(java.lang.String,java.lang.String)[pri:0, instance:testCases.TC_002_LoginTest@525575]" started-at="2024-12-30T15:25:18 IST" name="setup" finished-at="2024-12-30T15:25:24 IST" duration-ms="6319" status="PASS">
          <params>
            <param index="0">
              <value>
                <![CDATA[Windows]]>
              </value>
            </param>
            <param index="1">
              <value>
                <![CDATA[edge]]>
              </value>
            </param>
          </params>
          <reporter-output>
          </reporter-output>
        </test-method> <!-- setup -->
        <test-method signature="verify_login()[pri:0, instance:testCases.TC_002_LoginTest@525575]" started-at="2024-12-30T15:25:24 IST" name="verify_login" finished-at="2024-12-30T15:25:26 IST" duration-ms="2099" status="PASS">
          <reporter-output>
          </reporter-output>
        </test-method> <!-- verify_login -->
        <test-method is-config="true" signature="tearDown()[pri:0, instance:testCases.TC_002_LoginTest@525575]" started-at="2024-12-30T15:25:26 IST" name="tearDown" finished-at="2024-12-30T15:25:29 IST" duration-ms="2572" status="PASS">
          <reporter-output>
          </reporter-output>
        </test-method> <!-- tearDown -->
      </class> <!-- testCases.TC_002_LoginTest -->
    </test> <!-- edgeTest -->
    <test started-at="2024-12-30T15:25:18 IST" name="chromeTest" finished-at="2024-12-30T15:25:31 IST" duration-ms="13022">
      <class name="testCases.TC_001_AccountRegistrationTest">
        <test-method is-config="true" signature="setup(java.lang.String,java.lang.String)[pri:0, instance:testCases.TC_001_AccountRegistrationTest@6e4566f1]" started-at="2024-12-30T15:25:18 IST" name="setup" finished-at="2024-12-30T15:25:25 IST" duration-ms="6793" status="PASS">
          <params>
            <param index="0">
              <value>
                <![CDATA[Windows]]>
              </value>
            </param>
            <param index="1">
              <value>
                <![CDATA[chrome]]>
              </value>
            </param>
          </params>
          <reporter-output>
          </reporter-output>
        </test-method> <!-- setup -->
        <test-method signature="testAccountCreation()[pri:0, instance:testCases.TC_001_AccountRegistrationTest@6e4566f1]" started-at="2024-12-30T15:25:25 IST" name="testAccountCreation" finished-at="2024-12-30T15:25:29 IST" duration-ms="4641" status="PASS">
          <reporter-output>
          </reporter-output>
        </test-method> <!-- testAccountCreation -->
        <test-method is-config="true" signature="tearDown()[pri:0, instance:testCases.TC_001_AccountRegistrationTest@6e4566f1]" started-at="2024-12-30T15:25:29 IST" name="tearDown" finished-at="2024-12-30T15:25:31 IST" duration-ms="1320" status="PASS">
          <reporter-output>
          </reporter-output>
        </test-method> <!-- tearDown -->
      </class> <!-- testCases.TC_001_AccountRegistrationTest -->
    </test> <!-- chromeTest -->
  </suite> <!-- Suite -->
</testng-results>
